<?xml version="1.0" encoding="UTF-8"?>
<!-- Generated by org.testng.reporters.JUnitReportReporter -->
<testsuite hostname="Hp" failures="0" tests="1" name="automationexercise.Verify_All_Products_And_Product_Detail_Page_TC08" time="22.173" errors="0" timestamp="24 Apr 2024 17:59:21 GMT" skipped="0">
  <testcase classname="automationexercise.Verify_All_Products_And_Product_Detail_Page_TC08" name="Verify_All_Products" time="22.173"/>
</testsuite> <!-- automationexercise.Verify_All_Products_And_Product_Detail_Page_TC08 -->
