<?xml version="1.0" encoding="UTF-8"?>
<!-- Generated by org.testng.reporters.JUnitReportReporter -->
<testsuite hostname="Hp" failures="0" tests="1" name="automationexercise.TC11_Verify_Subscription_in_CartPage" time="12.027" errors="0" timestamp="04 May 2024 08:28:50 GMT" skipped="0">
  <testcase classname="automationexercise.TC11_Verify_Subscription_in_CartPage" name="Verify_Subscription" time="12.027"/>
</testsuite> <!-- automationexercise.TC11_Verify_Subscription_in_CartPage -->
