<?xml version="1.0" encoding="UTF-8"?>
<!-- Generated by org.testng.reporters.JUnitReportReporter -->
<testsuite hostname="Hp" failures="0" tests="1" name="automationexercise.Automationexercise_RegisterUser_With_Existing_Email" time="11.606" errors="0" timestamp="24 Apr 2024 15:24:49 GMT" skipped="0">
  <testcase classname="automationexercise.Automationexercise_RegisterUser_With_Existing_Email" name="RegisterPage" time="11.606"/>
</testsuite> <!-- automationexercise.Automationexercise_RegisterUser_With_Existing_Email -->
