<?xml version="1.0" encoding="UTF-8"?>
<!-- Generated by org.testng.reporters.JUnitReportReporter -->
<testsuite hostname="Hp" failures="0" tests="1" name="PackageOne.TestClass002" time="19.570" errors="0" timestamp="09 Apr 2024 11:21:35 GMT" skipped="0">
  <testcase classname="PackageOne.TestClass002" name="f" time="19.570"/>
</testsuite> <!-- PackageOne.TestClass002 -->
