<?xml version="1.0" encoding="UTF-8"?>
<!-- Generated by org.testng.reporters.JUnitReportReporter -->
<testsuite hostname="Hp" failures="0" tests="1" name="automationexercise.Automationexercise_Verify_Test_Cases_Page_TC07" time="21.836" errors="0" timestamp="22 Apr 2024 18:05:32 GMT" skipped="0">
  <testcase classname="automationexercise.Automationexercise_Verify_Test_Cases_Page_TC07" name="Visiblity_Test_Cases_Page" time="21.836"/>
</testsuite> <!-- automationexercise.Automationexercise_Verify_Test_Cases_Page_TC07 -->
