<?xml version="1.0" encoding="UTF-8"?>
<!-- Generated by org.testng.reporters.JUnitReportReporter -->
<testsuite hostname="Hp" failures="0" tests="1" name="automationexercise.Automationexercise_RegisterUser" time="19.193" errors="0" timestamp="21 Apr 2024 12:28:21 GMT" skipped="0">
  <testcase classname="automationexercise.Automationexercise_RegisterUser" name="RegisterPage" time="19.193"/>
</testsuite> <!-- automationexercise.Automationexercise_RegisterUser -->
