<?xml version="1.0" encoding="UTF-8"?>
<!-- Generated by org.testng.reporters.JUnitReportReporter -->
<testsuite hostname="Hp" failures="0" tests="1" name="automationexercise.TC09_Search_Product" time="10.878" errors="0" timestamp="24 Apr 2024 18:55:13 GMT" skipped="0">
  <testcase classname="automationexercise.TC09_Search_Product" name="Verify_All_Products" time="10.878"/>
</testsuite> <!-- automationexercise.TC09_Search_Product -->
