<?xml version="1.0" encoding="UTF-8"?>
<!-- Generated by org.testng.reporters.JUnitReportReporter -->
<testsuite hostname="Hp" failures="0" tests="1" name="automationexercise.Automationexercise_Logout_User_TC04" time="15.299" errors="0" timestamp="21 Apr 2024 16:55:47 GMT" skipped="0">
  <testcase classname="automationexercise.Automationexercise_Logout_User_TC04" name="Login_With_Correct_Email_Password_Logout" time="15.299"/>
</testsuite> <!-- automationexercise.Automationexercise_Logout_User_TC04 -->
