<?xml version="1.0" encoding="UTF-8"?>
<!-- Generated by org.testng.reporters.JUnitReportReporter -->
<testsuite hostname="Hp" failures="0" tests="1" name="automationexercise.Automationexercise_Dependency_For_Login_With_Correct_Email_and_Password" time="20.686" errors="0" timestamp="21 Apr 2024 13:44:17 GMT" skipped="0">
  <testcase classname="automationexercise.Automationexercise_Dependency_For_Login_With_Correct_Email_and_Password" name="UserRegiserForLogin" time="20.686"/>
</testsuite> <!-- automationexercise.Automationexercise_Dependency_For_Login_With_Correct_Email_and_Password -->
