<?xml version="1.0" encoding="UTF-8"?>
<!-- Generated by org.testng.reporters.JUnitReportReporter -->
<testsuite hostname="Hp" failures="0" tests="1" name="automationexercise.TC01_RegisterUser" time="27.433" errors="0" timestamp="04 May 2024 06:58:00 GMT" skipped="0">
  <testcase classname="automationexercise.TC01_RegisterUser" name="RegisterPage" time="27.433"/>
</testsuite> <!-- automationexercise.TC01_RegisterUser -->
