<?xml version="1.0" encoding="UTF-8"?>
<!-- Generated by org.testng.reporters.JUnitReportReporter -->
<testsuite hostname="Hp" failures="0" tests="1" name="PackageOne.TestClass001" time="0.039" errors="0" timestamp="09 Apr 2024 11:12:36 GMT" skipped="0">
  <testcase classname="PackageOne.TestClass001" name="f" time="0.039"/>
</testsuite> <!-- PackageOne.TestClass001 -->
