<?xml version="1.0" encoding="UTF-8"?>
<!-- Generated by org.testng.reporters.JUnitReportReporter -->
<testsuite hostname="Hp" failures="0" tests="1" name="automationexercise.TC10_Verify_Subscription_in_HomePage" time="6.482" errors="0" timestamp="27 Apr 2024 13:30:06 GMT" skipped="0">
  <testcase classname="automationexercise.TC10_Verify_Subscription_in_HomePage" name="Verify_Subscription" time="6.482"/>
</testsuite> <!-- automationexercise.TC10_Verify_Subscription_in_HomePage -->
