<?xml version="1.0" encoding="UTF-8"?>
<!-- Generated by org.testng.reporters.JUnitReportReporter -->
<testsuite hostname="Hp" failures="0" tests="1" name="PackageOne.UtilityClass" time="35.103" errors="0" timestamp="09 Apr 2024 16:04:55 GMT" skipped="0">
  <testcase classname="PackageOne.UtilityClass" name="test01" time="35.103"/>
</testsuite> <!-- PackageOne.UtilityClass -->
