<?xml version="1.0" encoding="UTF-8"?>
<!-- Generated by org.testng.reporters.JUnitReportReporter -->
<testsuite hostname="Hp" failures="0" tests="1" name="automationexercise.Automationexercise_Contact_Us_Form_TC06" time="15.830" errors="0" timestamp="21 Apr 2024 18:38:13 GMT" skipped="0">
  <testcase classname="automationexercise.Automationexercise_Contact_Us_Form_TC06" name="Contact_Us_Form" time="15.830"/>
</testsuite> <!-- automationexercise.Automationexercise_Contact_Us_Form_TC06 -->
