<?xml version="1.0" encoding="UTF-8"?>
<!-- Generated by org.testng.reporters.JUnitReportReporter -->
<testsuite hostname="Hp" failures="0" tests="1" name="automationexercise.Automationexercise_Login_With_Incorrect_Email_and_Password2" time="10.894" errors="0" timestamp="21 Apr 2024 13:06:28 GMT" skipped="0">
  <testcase classname="automationexercise.Automationexercise_Login_With_Incorrect_Email_and_Password2" name="Login_With_InCorrect_Email_And_Password" time="10.894"/>
</testsuite> <!-- automationexercise.Automationexercise_Login_With_Incorrect_Email_and_Password2 -->
